[0.730s] DEBUG:colcon:Command line arguments: ['/usr/bin/colcon', 'build']
[0.730s] DEBUG:colcon:Parsed command line arguments: Namespace(log_base=None, log_level=None, verb_name='build', build_base='build', install_base='install', merge_install=False, symlink_install=False, test_result_base=None, continue_on_error=False, executor='parallel', parallel_workers=6, event_handlers=None, ignore_user_meta=False, metas=['./colcon.meta'], base_paths=['.'], packages_ignore=None, packages_ignore_regex=None, paths=None, packages_up_to=None, packages_up_to_regex=None, packages_above=None, packages_above_and_dependencies=None, packages_above_depth=None, packages_select_by_dep=None, packages_skip_by_dep=None, packages_skip_up_to=None, packages_select_build_failed=False, packages_skip_build_finished=False, packages_select_test_failures=False, packages_skip_test_passed=False, packages_select=None, packages_skip=None, packages_select_regex=None, packages_skip_regex=None, packages_start=None, packages_end=None, allow_overriding=[], cmake_args=None, cmake_target=None, cmake_target_skip_unavailable=False, cmake_clean_cache=False, cmake_clean_first=False, cmake_force_configure=False, ament_cmake_args=None, catkin_cmake_args=None, catkin_skip_building_tests=False, verb_parser=<colcon_defaults.argument_parser.defaults.DefaultArgumentsDecorator object at 0x7fe921b0bb50>, verb_extension=<colcon_core.verb.build.BuildVerb object at 0x7fe921c42200>, main=<bound method BuildVerb.main of <colcon_core.verb.build.BuildVerb object at 0x7fe921c42200>>)
[0.801s] Level 1:colcon.colcon_core.package_discovery:discover_packages(colcon_meta) check parameters
[0.801s] Level 1:colcon.colcon_core.package_discovery:discover_packages(recursive) check parameters
[0.801s] Level 1:colcon.colcon_core.package_discovery:discover_packages(ignore) check parameters
[0.802s] Level 1:colcon.colcon_core.package_discovery:discover_packages(path) check parameters
[0.802s] Level 1:colcon.colcon_core.package_discovery:discover_packages(colcon_meta) discover
[0.802s] Level 1:colcon.colcon_core.package_discovery:discover_packages(recursive) discover
[0.802s] INFO:colcon.colcon_core.package_discovery:Crawling recursively for packages in '/home/mghansen/dev/ros2_ws/RoboticsLaserFollow'
[0.802s] Level 1:colcon.colcon_core.package_identification:_identify(.) by extensions ['ignore', 'ignore_ament_install']
[0.802s] Level 1:colcon.colcon_core.package_identification:_identify(.) by extension 'ignore'
[0.802s] Level 1:colcon.colcon_core.package_identification:_identify(.) by extension 'ignore_ament_install'
[0.803s] Level 1:colcon.colcon_core.package_identification:_identify(.) by extensions ['colcon_pkg']
[0.803s] Level 1:colcon.colcon_core.package_identification:_identify(.) by extension 'colcon_pkg'
[0.803s] Level 1:colcon.colcon_core.package_identification:_identify(.) by extensions ['colcon_meta']
[0.803s] Level 1:colcon.colcon_core.package_identification:_identify(.) by extension 'colcon_meta'
[0.803s] Level 1:colcon.colcon_core.package_identification:_identify(.) by extensions ['ros']
[0.803s] Level 1:colcon.colcon_core.package_identification:_identify(.) by extension 'ros'
[0.826s] Level 1:colcon.colcon_core.package_identification:_identify(.) by extensions ['cmake', 'python']
[0.826s] Level 1:colcon.colcon_core.package_identification:_identify(.) by extension 'cmake'
[0.826s] Level 1:colcon.colcon_core.package_identification:_identify(.) by extension 'python'
[0.826s] Level 1:colcon.colcon_core.package_identification:_identify(.) by extensions ['python_setup_py']
[0.826s] Level 1:colcon.colcon_core.package_identification:_identify(.) by extension 'python_setup_py'
[0.826s] Level 1:colcon.colcon_core.package_identification:_identify(Zelda_py_laserfollow) by extensions ['ignore', 'ignore_ament_install']
[0.827s] Level 1:colcon.colcon_core.package_identification:_identify(Zelda_py_laserfollow) by extension 'ignore'
[0.827s] Level 1:colcon.colcon_core.package_identification:_identify(Zelda_py_laserfollow) by extension 'ignore_ament_install'
[0.827s] Level 1:colcon.colcon_core.package_identification:_identify(Zelda_py_laserfollow) by extensions ['colcon_pkg']
[0.827s] Level 1:colcon.colcon_core.package_identification:_identify(Zelda_py_laserfollow) by extension 'colcon_pkg'
[0.827s] Level 1:colcon.colcon_core.package_identification:_identify(Zelda_py_laserfollow) by extensions ['colcon_meta']
[0.827s] Level 1:colcon.colcon_core.package_identification:_identify(Zelda_py_laserfollow) by extension 'colcon_meta'
[0.827s] Level 1:colcon.colcon_core.package_identification:_identify(Zelda_py_laserfollow) by extensions ['ros']
[0.827s] Level 1:colcon.colcon_core.package_identification:_identify(Zelda_py_laserfollow) by extension 'ros'
[0.832s] DEBUG:colcon.colcon_core.package_identification:Package 'Zelda_py_laserfollow' with type 'ros.ament_cmake' and name 'Zelda_py_laserfollow'
[0.832s] Level 1:colcon.colcon_core.package_identification:_identify(build) by extensions ['ignore', 'ignore_ament_install']
[0.833s] Level 1:colcon.colcon_core.package_identification:_identify(build) by extension 'ignore'
[0.833s] Level 1:colcon.colcon_core.package_identification:_identify(build) ignored
[0.833s] Level 1:colcon.colcon_core.package_identification:_identify(install) by extensions ['ignore', 'ignore_ament_install']
[0.833s] Level 1:colcon.colcon_core.package_identification:_identify(install) by extension 'ignore'
[0.833s] Level 1:colcon.colcon_core.package_identification:_identify(install) ignored
[0.833s] Level 1:colcon.colcon_core.package_identification:_identify(log) by extensions ['ignore', 'ignore_ament_install']
[0.833s] Level 1:colcon.colcon_core.package_identification:_identify(log) by extension 'ignore'
[0.833s] Level 1:colcon.colcon_core.package_identification:_identify(log) ignored
[0.834s] Level 1:colcon.colcon_core.package_discovery:discover_packages(recursive) using defaults
[0.834s] Level 1:colcon.colcon_core.package_discovery:discover_packages(ignore) discover
[0.834s] Level 1:colcon.colcon_core.package_discovery:discover_packages(ignore) using defaults
[0.834s] Level 1:colcon.colcon_core.package_discovery:discover_packages(path) discover
[0.834s] Level 1:colcon.colcon_core.package_discovery:discover_packages(path) using defaults
[0.910s] Level 1:colcon.colcon_core.package_discovery:discover_packages(prefix_path) check parameters
[0.910s] Level 1:colcon.colcon_core.package_discovery:discover_packages(prefix_path) discover
[0.916s] DEBUG:colcon.colcon_installed_package_information.package_discovery:Found 5 installed packages in /home/mghansen/dev/create3_examples_ws/install
[0.920s] DEBUG:colcon.colcon_installed_package_information.package_discovery:Found 282 installed packages in /opt/ros/humble
[0.924s] Level 1:colcon.colcon_core.package_discovery:discover_packages(prefix_path) using defaults
[1.096s] Level 5:colcon.colcon_core.verb:set package 'Zelda_py_laserfollow' build argument 'cmake_args' from command line to 'None'
[1.096s] Level 5:colcon.colcon_core.verb:set package 'Zelda_py_laserfollow' build argument 'cmake_target' from command line to 'None'
[1.096s] Level 5:colcon.colcon_core.verb:set package 'Zelda_py_laserfollow' build argument 'cmake_target_skip_unavailable' from command line to 'False'
[1.097s] Level 5:colcon.colcon_core.verb:set package 'Zelda_py_laserfollow' build argument 'cmake_clean_cache' from command line to 'False'
[1.097s] Level 5:colcon.colcon_core.verb:set package 'Zelda_py_laserfollow' build argument 'cmake_clean_first' from command line to 'False'
[1.097s] Level 5:colcon.colcon_core.verb:set package 'Zelda_py_laserfollow' build argument 'cmake_force_configure' from command line to 'False'
[1.097s] Level 5:colcon.colcon_core.verb:set package 'Zelda_py_laserfollow' build argument 'ament_cmake_args' from command line to 'None'
[1.097s] Level 5:colcon.colcon_core.verb:set package 'Zelda_py_laserfollow' build argument 'catkin_cmake_args' from command line to 'None'
[1.097s] Level 5:colcon.colcon_core.verb:set package 'Zelda_py_laserfollow' build argument 'catkin_skip_building_tests' from command line to 'False'
[1.097s] DEBUG:colcon.colcon_core.verb:Building package 'Zelda_py_laserfollow' with the following arguments: {'ament_cmake_args': None, 'build_base': '/home/mghansen/dev/ros2_ws/RoboticsLaserFollow/build/Zelda_py_laserfollow', 'catkin_cmake_args': None, 'catkin_skip_building_tests': False, 'cmake_args': None, 'cmake_clean_cache': False, 'cmake_clean_first': False, 'cmake_force_configure': False, 'cmake_target': None, 'cmake_target_skip_unavailable': False, 'install_base': '/home/mghansen/dev/ros2_ws/RoboticsLaserFollow/install/Zelda_py_laserfollow', 'merge_install': False, 'path': '/home/mghansen/dev/ros2_ws/RoboticsLaserFollow/Zelda_py_laserfollow', 'symlink_install': False, 'test_result_base': None}
[1.098s] INFO:colcon.colcon_core.executor:Executing jobs using 'parallel' executor
[1.105s] DEBUG:colcon.colcon_parallel_executor.executor.parallel:run_until_complete
[1.106s] INFO:colcon.colcon_ros.task.ament_cmake.build:Building ROS package in '/home/mghansen/dev/ros2_ws/RoboticsLaserFollow/Zelda_py_laserfollow' with build type 'ament_cmake'
[1.106s] INFO:colcon.colcon_cmake.task.cmake.build:Building CMake package in '/home/mghansen/dev/ros2_ws/RoboticsLaserFollow/Zelda_py_laserfollow'
[1.120s] INFO:colcon.colcon_core.plugin_system:Skipping extension 'colcon_core.shell.bat': Not used on non-Windows systems
[1.120s] INFO:colcon.colcon_core.shell:Skip shell extension 'powershell' for command environment: Not usable outside of PowerShell
[1.120s] DEBUG:colcon.colcon_core.shell:Skip shell extension 'dsv' for command environment
[1.154s] DEBUG:colcon.colcon_core.event_handler.log_command:Invoking command in '/home/mghansen/dev/ros2_ws/RoboticsLaserFollow/build/Zelda_py_laserfollow': CMAKE_PREFIX_PATH=${CMAKE_PREFIX_PATH}:/home/mghansen/dev/create3_examples_ws/install/create3_teleop:/home/mghansen/dev/create3_examples_ws/install/create3_examples_py:/opt/ros/humble /usr/bin/cmake --build /home/mghansen/dev/ros2_ws/RoboticsLaserFollow/build/Zelda_py_laserfollow -- -j6 -l6
[1.206s] DEBUG:colcon.colcon_core.event_handler.log_command:Invoked command in '/home/mghansen/dev/ros2_ws/RoboticsLaserFollow/build/Zelda_py_laserfollow' returned '0': CMAKE_PREFIX_PATH=${CMAKE_PREFIX_PATH}:/home/mghansen/dev/create3_examples_ws/install/create3_teleop:/home/mghansen/dev/create3_examples_ws/install/create3_examples_py:/opt/ros/humble /usr/bin/cmake --build /home/mghansen/dev/ros2_ws/RoboticsLaserFollow/build/Zelda_py_laserfollow -- -j6 -l6
[1.259s] DEBUG:colcon.colcon_core.event_handler.log_command:Invoking command in '/home/mghansen/dev/ros2_ws/RoboticsLaserFollow/build/Zelda_py_laserfollow': CMAKE_PREFIX_PATH=${CMAKE_PREFIX_PATH}:/home/mghansen/dev/create3_examples_ws/install/create3_teleop:/home/mghansen/dev/create3_examples_ws/install/create3_examples_py:/opt/ros/humble /usr/bin/cmake --install /home/mghansen/dev/ros2_ws/RoboticsLaserFollow/build/Zelda_py_laserfollow
[1.277s] Level 1:colcon.colcon_core.environment:create_environment_scripts_only(Zelda_py_laserfollow)
[1.278s] DEBUG:colcon.colcon_core.event_handler.log_command:Invoked command in '/home/mghansen/dev/ros2_ws/RoboticsLaserFollow/build/Zelda_py_laserfollow' returned '0': CMAKE_PREFIX_PATH=${CMAKE_PREFIX_PATH}:/home/mghansen/dev/create3_examples_ws/install/create3_teleop:/home/mghansen/dev/create3_examples_ws/install/create3_examples_py:/opt/ros/humble /usr/bin/cmake --install /home/mghansen/dev/ros2_ws/RoboticsLaserFollow/build/Zelda_py_laserfollow
[1.295s] Level 1:colcon.colcon_core.environment:checking '/home/mghansen/dev/ros2_ws/RoboticsLaserFollow/install/Zelda_py_laserfollow' for CMake module files
[1.296s] Level 1:colcon.colcon_core.environment:checking '/home/mghansen/dev/ros2_ws/RoboticsLaserFollow/install/Zelda_py_laserfollow' for CMake config files
[1.296s] Level 1:colcon.colcon_core.shell:create_environment_hook('Zelda_py_laserfollow', 'cmake_prefix_path')
[1.299s] INFO:colcon.colcon_core.shell:Creating environment hook '/home/mghansen/dev/ros2_ws/RoboticsLaserFollow/install/Zelda_py_laserfollow/share/Zelda_py_laserfollow/hook/cmake_prefix_path.ps1'
[1.300s] INFO:colcon.colcon_core.shell:Creating environment descriptor '/home/mghansen/dev/ros2_ws/RoboticsLaserFollow/install/Zelda_py_laserfollow/share/Zelda_py_laserfollow/hook/cmake_prefix_path.dsv'
[1.301s] INFO:colcon.colcon_core.shell:Creating environment hook '/home/mghansen/dev/ros2_ws/RoboticsLaserFollow/install/Zelda_py_laserfollow/share/Zelda_py_laserfollow/hook/cmake_prefix_path.sh'
[1.303s] Level 1:colcon.colcon_core.environment:checking '/home/mghansen/dev/ros2_ws/RoboticsLaserFollow/install/Zelda_py_laserfollow/bin'
[1.303s] Level 1:colcon.colcon_core.environment:checking '/home/mghansen/dev/ros2_ws/RoboticsLaserFollow/install/Zelda_py_laserfollow/lib/pkgconfig/Zelda_py_laserfollow.pc'
[1.304s] Level 1:colcon.colcon_core.environment:checking '/home/mghansen/dev/ros2_ws/RoboticsLaserFollow/install/Zelda_py_laserfollow/lib/python3.10/site-packages'
[1.304s] Level 1:colcon.colcon_core.environment:checking '/home/mghansen/dev/ros2_ws/RoboticsLaserFollow/install/Zelda_py_laserfollow/bin'
[1.307s] INFO:colcon.colcon_core.shell:Creating package script '/home/mghansen/dev/ros2_ws/RoboticsLaserFollow/install/Zelda_py_laserfollow/share/Zelda_py_laserfollow/package.ps1'
[1.310s] INFO:colcon.colcon_core.shell:Creating package descriptor '/home/mghansen/dev/ros2_ws/RoboticsLaserFollow/install/Zelda_py_laserfollow/share/Zelda_py_laserfollow/package.dsv'
[1.311s] INFO:colcon.colcon_core.shell:Creating package script '/home/mghansen/dev/ros2_ws/RoboticsLaserFollow/install/Zelda_py_laserfollow/share/Zelda_py_laserfollow/package.sh'
[1.313s] INFO:colcon.colcon_core.shell:Creating package script '/home/mghansen/dev/ros2_ws/RoboticsLaserFollow/install/Zelda_py_laserfollow/share/Zelda_py_laserfollow/package.bash'
[1.316s] INFO:colcon.colcon_core.shell:Creating package script '/home/mghansen/dev/ros2_ws/RoboticsLaserFollow/install/Zelda_py_laserfollow/share/Zelda_py_laserfollow/package.zsh'
[1.318s] Level 1:colcon.colcon_core.environment:create_file_with_runtime_dependencies(/home/mghansen/dev/ros2_ws/RoboticsLaserFollow/install/Zelda_py_laserfollow/share/colcon-core/packages/Zelda_py_laserfollow)
[1.363s] Level 1:colcon.colcon_core.environment:create_environment_scripts_only(Zelda_py_laserfollow)
[1.373s] Level 1:colcon.colcon_core.environment:checking '/home/mghansen/dev/ros2_ws/RoboticsLaserFollow/install/Zelda_py_laserfollow' for CMake module files
[1.375s] Level 1:colcon.colcon_core.environment:checking '/home/mghansen/dev/ros2_ws/RoboticsLaserFollow/install/Zelda_py_laserfollow' for CMake config files
[1.376s] Level 1:colcon.colcon_core.shell:create_environment_hook('Zelda_py_laserfollow', 'cmake_prefix_path')
[1.383s] INFO:colcon.colcon_core.shell:Creating environment hook '/home/mghansen/dev/ros2_ws/RoboticsLaserFollow/install/Zelda_py_laserfollow/share/Zelda_py_laserfollow/hook/cmake_prefix_path.ps1'
[1.384s] INFO:colcon.colcon_core.shell:Creating environment descriptor '/home/mghansen/dev/ros2_ws/RoboticsLaserFollow/install/Zelda_py_laserfollow/share/Zelda_py_laserfollow/hook/cmake_prefix_path.dsv'
[1.386s] INFO:colcon.colcon_core.shell:Creating environment hook '/home/mghansen/dev/ros2_ws/RoboticsLaserFollow/install/Zelda_py_laserfollow/share/Zelda_py_laserfollow/hook/cmake_prefix_path.sh'
[1.388s] Level 1:colcon.colcon_core.environment:checking '/home/mghansen/dev/ros2_ws/RoboticsLaserFollow/install/Zelda_py_laserfollow/bin'
[1.388s] Level 1:colcon.colcon_core.environment:checking '/home/mghansen/dev/ros2_ws/RoboticsLaserFollow/install/Zelda_py_laserfollow/lib/pkgconfig/Zelda_py_laserfollow.pc'
[1.389s] Level 1:colcon.colcon_core.environment:checking '/home/mghansen/dev/ros2_ws/RoboticsLaserFollow/install/Zelda_py_laserfollow/lib/python3.10/site-packages'
[1.390s] Level 1:colcon.colcon_core.environment:checking '/home/mghansen/dev/ros2_ws/RoboticsLaserFollow/install/Zelda_py_laserfollow/bin'
[1.396s] INFO:colcon.colcon_core.shell:Creating package script '/home/mghansen/dev/ros2_ws/RoboticsLaserFollow/install/Zelda_py_laserfollow/share/Zelda_py_laserfollow/package.ps1'
[1.398s] INFO:colcon.colcon_core.shell:Creating package descriptor '/home/mghansen/dev/ros2_ws/RoboticsLaserFollow/install/Zelda_py_laserfollow/share/Zelda_py_laserfollow/package.dsv'
[1.400s] INFO:colcon.colcon_core.shell:Creating package script '/home/mghansen/dev/ros2_ws/RoboticsLaserFollow/install/Zelda_py_laserfollow/share/Zelda_py_laserfollow/package.sh'
[1.402s] INFO:colcon.colcon_core.shell:Creating package script '/home/mghansen/dev/ros2_ws/RoboticsLaserFollow/install/Zelda_py_laserfollow/share/Zelda_py_laserfollow/package.bash'
[1.403s] INFO:colcon.colcon_core.shell:Creating package script '/home/mghansen/dev/ros2_ws/RoboticsLaserFollow/install/Zelda_py_laserfollow/share/Zelda_py_laserfollow/package.zsh'
[1.404s] Level 1:colcon.colcon_core.environment:create_file_with_runtime_dependencies(/home/mghansen/dev/ros2_ws/RoboticsLaserFollow/install/Zelda_py_laserfollow/share/colcon-core/packages/Zelda_py_laserfollow)
[1.405s] DEBUG:colcon.colcon_parallel_executor.executor.parallel:closing loop
[1.406s] DEBUG:colcon.colcon_parallel_executor.executor.parallel:loop closed
[1.407s] DEBUG:colcon.colcon_parallel_executor.executor.parallel:run_until_complete finished with '0'
[1.407s] DEBUG:colcon.colcon_core.event_reactor:joining thread
[1.429s] INFO:colcon.colcon_core.plugin_system:Skipping extension 'colcon_notification.desktop_notification.terminal_notifier': Not used on non-Darwin systems
[1.429s] INFO:colcon.colcon_core.plugin_system:Skipping extension 'colcon_notification.desktop_notification.win32': Not used on non-Windows systems
[1.429s] INFO:colcon.colcon_notification.desktop_notification:Sending desktop notification using 'notify2'
[1.473s] DEBUG:colcon.colcon_core.event_reactor:joined thread
[1.479s] INFO:colcon.colcon_core.shell:Creating prefix script '/home/mghansen/dev/ros2_ws/RoboticsLaserFollow/install/local_setup.ps1'
[1.484s] INFO:colcon.colcon_core.shell:Creating prefix util module '/home/mghansen/dev/ros2_ws/RoboticsLaserFollow/install/_local_setup_util_ps1.py'
[1.492s] INFO:colcon.colcon_core.shell:Creating prefix chain script '/home/mghansen/dev/ros2_ws/RoboticsLaserFollow/install/setup.ps1'
[1.501s] INFO:colcon.colcon_core.shell:Creating prefix script '/home/mghansen/dev/ros2_ws/RoboticsLaserFollow/install/local_setup.sh'
[1.505s] INFO:colcon.colcon_core.shell:Creating prefix util module '/home/mghansen/dev/ros2_ws/RoboticsLaserFollow/install/_local_setup_util_sh.py'
[1.506s] INFO:colcon.colcon_core.shell:Creating prefix chain script '/home/mghansen/dev/ros2_ws/RoboticsLaserFollow/install/setup.sh'
[1.511s] INFO:colcon.colcon_core.shell:Creating prefix script '/home/mghansen/dev/ros2_ws/RoboticsLaserFollow/install/local_setup.bash'
[1.512s] INFO:colcon.colcon_core.shell:Creating prefix chain script '/home/mghansen/dev/ros2_ws/RoboticsLaserFollow/install/setup.bash'
[1.517s] INFO:colcon.colcon_core.shell:Creating prefix script '/home/mghansen/dev/ros2_ws/RoboticsLaserFollow/install/local_setup.zsh'
[1.518s] INFO:colcon.colcon_core.shell:Creating prefix chain script '/home/mghansen/dev/ros2_ws/RoboticsLaserFollow/install/setup.zsh'
