-- The C compiler identification is GNU 11.3.0
-- The CXX compiler identification is GNU 11.3.0
-- Detecting C compiler ABI info
-- Detecting C compiler ABI info - done
-- Check for working C compiler: /usr/bin/cc - skipped
-- Detecting C compile features
-- Detecting C compile features - done
-- Detecting CXX compiler ABI info
-- Detecting CXX compiler ABI info - done
-- Check for working CXX compiler: /usr/bin/c++ - skipped
-- Detecting CXX compile features
-- Detecting CXX compile features - done
-- Found ament_cmake: 1.3.3 (/opt/ros/humble/share/ament_cmake/cmake)
-- Found Python3: /usr/bin/python3.10 (found version "3.10.6") found components: Interpreter 
-- Found ament_lint_auto: 0.12.5 (/opt/ros/humble/share/ament_lint_auto/cmake)
WARNING: Package name "Zelda_py_laserfollow" does not follow the naming conventions. It should start with a lower case letter and only contain lower case letters, digits, underscores, and dashes.
-- Added test 'lint_cmake' to check CMake code style
-- Added test 'xmllint' to check XML markup files
-- Configuring done
-- Generating done
-- Build files have been written to: /home/mghansen/dev/ros2_ws/RoboticsLaserFollow/build/Zelda_py_laserfollow
-- Install configuration: ""
-- Installing: /home/mghansen/dev/ros2_ws/RoboticsLaserFollow/install/Zelda_py_laserfollow/share/ament_index/resource_index/package_run_dependencies/Zelda_py_laserfollow
-- Installing: /home/mghansen/dev/ros2_ws/RoboticsLaserFollow/install/Zelda_py_laserfollow/share/ament_index/resource_index/parent_prefix_path/Zelda_py_laserfollow
-- Installing: /home/mghansen/dev/ros2_ws/RoboticsLaserFollow/install/Zelda_py_laserfollow/share/Zelda_py_laserfollow/environment/ament_prefix_path.sh
-- Installing: /home/mghansen/dev/ros2_ws/RoboticsLaserFollow/install/Zelda_py_laserfollow/share/Zelda_py_laserfollow/environment/ament_prefix_path.dsv
-- Installing: /home/mghansen/dev/ros2_ws/RoboticsLaserFollow/install/Zelda_py_laserfollow/share/Zelda_py_laserfollow/environment/path.sh
-- Installing: /home/mghansen/dev/ros2_ws/RoboticsLaserFollow/install/Zelda_py_laserfollow/share/Zelda_py_laserfollow/environment/path.dsv
-- Installing: /home/mghansen/dev/ros2_ws/RoboticsLaserFollow/install/Zelda_py_laserfollow/share/Zelda_py_laserfollow/local_setup.bash
-- Installing: /home/mghansen/dev/ros2_ws/RoboticsLaserFollow/install/Zelda_py_laserfollow/share/Zelda_py_laserfollow/local_setup.sh
-- Installing: /home/mghansen/dev/ros2_ws/RoboticsLaserFollow/install/Zelda_py_laserfollow/share/Zelda_py_laserfollow/local_setup.zsh
-- Installing: /home/mghansen/dev/ros2_ws/RoboticsLaserFollow/install/Zelda_py_laserfollow/share/Zelda_py_laserfollow/local_setup.dsv
-- Installing: /home/mghansen/dev/ros2_ws/RoboticsLaserFollow/install/Zelda_py_laserfollow/share/Zelda_py_laserfollow/package.dsv
-- Installing: /home/mghansen/dev/ros2_ws/RoboticsLaserFollow/install/Zelda_py_laserfollow/share/ament_index/resource_index/packages/Zelda_py_laserfollow
-- Installing: /home/mghansen/dev/ros2_ws/RoboticsLaserFollow/install/Zelda_py_laserfollow/share/Zelda_py_laserfollow/cmake/Zelda_py_laserfollowConfig.cmake
-- Installing: /home/mghansen/dev/ros2_ws/RoboticsLaserFollow/install/Zelda_py_laserfollow/share/Zelda_py_laserfollow/cmake/Zelda_py_laserfollowConfig-version.cmake
-- Installing: /home/mghansen/dev/ros2_ws/RoboticsLaserFollow/install/Zelda_py_laserfollow/share/Zelda_py_laserfollow/package.xml
