[0.097s] Invoking command in '/home/mghansen/dev/ros2_ws/RoboticsLaserFollow/build/Zelda_py_laserfollow': CMAKE_PREFIX_PATH=${CMAKE_PREFIX_PATH}:/home/mghansen/dev/create3_examples_ws/install/create3_teleop:/home/mghansen/dev/create3_examples_ws/install/create3_examples_py:/opt/ros/humble /usr/bin/cmake /home/mghansen/dev/ros2_ws/RoboticsLaserFollow/Zelda_py_laserfollow -DCMAKE_INSTALL_PREFIX=/home/mghansen/dev/ros2_ws/RoboticsLaserFollow/install/Zelda_py_laserfollow
[0.444s] -- The C compiler identification is GNU 11.3.0
[0.740s] -- The CXX compiler identification is GNU 11.3.0
[0.769s] -- Detecting C compiler ABI info
[0.904s] -- Detecting C compiler ABI info - done
[0.924s] -- Check for working C compiler: /usr/bin/cc - skipped
[0.925s] -- Detecting C compile features
[0.926s] -- Detecting C compile features - done
[0.936s] -- Detecting CXX compiler ABI info
[1.085s] -- Detecting CXX compiler ABI info - done
[1.107s] -- Check for working CXX compiler: /usr/bin/c++ - skipped
[1.108s] -- Detecting CXX compile features
[1.109s] -- Detecting CXX compile features - done
[1.117s] -- Found ament_cmake: 1.3.3 (/opt/ros/humble/share/ament_cmake/cmake)
[1.481s] -- Found Python3: /usr/bin/python3.10 (found version "3.10.6") found components: Interpreter 
[1.743s] -- Found ament_lint_auto: 0.12.5 (/opt/ros/humble/share/ament_lint_auto/cmake)
[1.853s] WARNING: Package name "Zelda_py_laserfollow" does not follow the naming conventions. It should start with a lower case letter and only contain lower case letters, digits, underscores, and dashes.
[1.937s] -- Added test 'lint_cmake' to check CMake code style
[1.940s] -- Added test 'xmllint' to check XML markup files
[1.945s] -- Configuring done
[1.949s] -- Generating done
[1.951s] -- Build files have been written to: /home/mghansen/dev/ros2_ws/RoboticsLaserFollow/build/Zelda_py_laserfollow
[1.958s] Invoked command in '/home/mghansen/dev/ros2_ws/RoboticsLaserFollow/build/Zelda_py_laserfollow' returned '0': CMAKE_PREFIX_PATH=${CMAKE_PREFIX_PATH}:/home/mghansen/dev/create3_examples_ws/install/create3_teleop:/home/mghansen/dev/create3_examples_ws/install/create3_examples_py:/opt/ros/humble /usr/bin/cmake /home/mghansen/dev/ros2_ws/RoboticsLaserFollow/Zelda_py_laserfollow -DCMAKE_INSTALL_PREFIX=/home/mghansen/dev/ros2_ws/RoboticsLaserFollow/install/Zelda_py_laserfollow
[1.964s] Invoking command in '/home/mghansen/dev/ros2_ws/RoboticsLaserFollow/build/Zelda_py_laserfollow': CMAKE_PREFIX_PATH=${CMAKE_PREFIX_PATH}:/home/mghansen/dev/create3_examples_ws/install/create3_teleop:/home/mghansen/dev/create3_examples_ws/install/create3_examples_py:/opt/ros/humble /usr/bin/cmake --build /home/mghansen/dev/ros2_ws/RoboticsLaserFollow/build/Zelda_py_laserfollow -- -j6 -l6
[2.027s] Invoked command in '/home/mghansen/dev/ros2_ws/RoboticsLaserFollow/build/Zelda_py_laserfollow' returned '0': CMAKE_PREFIX_PATH=${CMAKE_PREFIX_PATH}:/home/mghansen/dev/create3_examples_ws/install/create3_teleop:/home/mghansen/dev/create3_examples_ws/install/create3_examples_py:/opt/ros/humble /usr/bin/cmake --build /home/mghansen/dev/ros2_ws/RoboticsLaserFollow/build/Zelda_py_laserfollow -- -j6 -l6
[2.072s] Invoking command in '/home/mghansen/dev/ros2_ws/RoboticsLaserFollow/build/Zelda_py_laserfollow': CMAKE_PREFIX_PATH=${CMAKE_PREFIX_PATH}:/home/mghansen/dev/create3_examples_ws/install/create3_teleop:/home/mghansen/dev/create3_examples_ws/install/create3_examples_py:/opt/ros/humble /usr/bin/cmake --install /home/mghansen/dev/ros2_ws/RoboticsLaserFollow/build/Zelda_py_laserfollow
[2.083s] -- Install configuration: ""
[2.084s] -- Installing: /home/mghansen/dev/ros2_ws/RoboticsLaserFollow/install/Zelda_py_laserfollow/share/ament_index/resource_index/package_run_dependencies/Zelda_py_laserfollow
[2.085s] -- Installing: /home/mghansen/dev/ros2_ws/RoboticsLaserFollow/install/Zelda_py_laserfollow/share/ament_index/resource_index/parent_prefix_path/Zelda_py_laserfollow
[2.085s] -- Installing: /home/mghansen/dev/ros2_ws/RoboticsLaserFollow/install/Zelda_py_laserfollow/share/Zelda_py_laserfollow/environment/ament_prefix_path.sh
[2.086s] -- Installing: /home/mghansen/dev/ros2_ws/RoboticsLaserFollow/install/Zelda_py_laserfollow/share/Zelda_py_laserfollow/environment/ament_prefix_path.dsv
[2.086s] -- Installing: /home/mghansen/dev/ros2_ws/RoboticsLaserFollow/install/Zelda_py_laserfollow/share/Zelda_py_laserfollow/environment/path.sh
[2.086s] -- Installing: /home/mghansen/dev/ros2_ws/RoboticsLaserFollow/install/Zelda_py_laserfollow/share/Zelda_py_laserfollow/environment/path.dsv
[2.087s] -- Installing: /home/mghansen/dev/ros2_ws/RoboticsLaserFollow/install/Zelda_py_laserfollow/share/Zelda_py_laserfollow/local_setup.bash
[2.087s] -- Installing: /home/mghansen/dev/ros2_ws/RoboticsLaserFollow/install/Zelda_py_laserfollow/share/Zelda_py_laserfollow/local_setup.sh
[2.087s] -- Installing: /home/mghansen/dev/ros2_ws/RoboticsLaserFollow/install/Zelda_py_laserfollow/share/Zelda_py_laserfollow/local_setup.zsh
[2.088s] -- Installing: /home/mghansen/dev/ros2_ws/RoboticsLaserFollow/install/Zelda_py_laserfollow/share/Zelda_py_laserfollow/local_setup.dsv
[2.088s] -- Installing: /home/mghansen/dev/ros2_ws/RoboticsLaserFollow/install/Zelda_py_laserfollow/share/Zelda_py_laserfollow/package.dsv
[2.089s] -- Installing: /home/mghansen/dev/ros2_ws/RoboticsLaserFollow/install/Zelda_py_laserfollow/share/ament_index/resource_index/packages/Zelda_py_laserfollow
[2.089s] -- Installing: /home/mghansen/dev/ros2_ws/RoboticsLaserFollow/install/Zelda_py_laserfollow/share/Zelda_py_laserfollow/cmake/Zelda_py_laserfollowConfig.cmake
[2.090s] -- Installing: /home/mghansen/dev/ros2_ws/RoboticsLaserFollow/install/Zelda_py_laserfollow/share/Zelda_py_laserfollow/cmake/Zelda_py_laserfollowConfig-version.cmake
[2.090s] -- Installing: /home/mghansen/dev/ros2_ws/RoboticsLaserFollow/install/Zelda_py_laserfollow/share/Zelda_py_laserfollow/package.xml
[2.093s] Invoked command in '/home/mghansen/dev/ros2_ws/RoboticsLaserFollow/build/Zelda_py_laserfollow' returned '0': CMAKE_PREFIX_PATH=${CMAKE_PREFIX_PATH}:/home/mghansen/dev/create3_examples_ws/install/create3_teleop:/home/mghansen/dev/create3_examples_ws/install/create3_examples_py:/opt/ros/humble /usr/bin/cmake --install /home/mghansen/dev/ros2_ws/RoboticsLaserFollow/build/Zelda_py_laserfollow
