[0.765s] DEBUG:colcon:Command line arguments: ['/usr/bin/colcon', 'build']
[0.765s] DEBUG:colcon:Parsed command line arguments: Namespace(log_base=None, log_level=None, verb_name='build', build_base='build', install_base='install', merge_install=False, symlink_install=False, test_result_base=None, continue_on_error=False, executor='parallel', parallel_workers=6, event_handlers=None, ignore_user_meta=False, metas=['./colcon.meta'], base_paths=['.'], packages_ignore=None, packages_ignore_regex=None, paths=None, packages_up_to=None, packages_up_to_regex=None, packages_above=None, packages_above_and_dependencies=None, packages_above_depth=None, packages_select_by_dep=None, packages_skip_by_dep=None, packages_skip_up_to=None, packages_select_build_failed=False, packages_skip_build_finished=False, packages_select_test_failures=False, packages_skip_test_passed=False, packages_select=None, packages_skip=None, packages_select_regex=None, packages_skip_regex=None, packages_start=None, packages_end=None, allow_overriding=[], cmake_args=None, cmake_target=None, cmake_target_skip_unavailable=False, cmake_clean_cache=False, cmake_clean_first=False, cmake_force_configure=False, ament_cmake_args=None, catkin_cmake_args=None, catkin_skip_building_tests=False, verb_parser=<colcon_defaults.argument_parser.defaults.DefaultArgumentsDecorator object at 0x7f5e5fb07820>, verb_extension=<colcon_core.verb.build.BuildVerb object at 0x7f5e60343b80>, main=<bound method BuildVerb.main of <colcon_core.verb.build.BuildVerb object at 0x7f5e60343b80>>)
[0.834s] Level 1:colcon.colcon_core.package_discovery:discover_packages(colcon_meta) check parameters
[0.834s] Level 1:colcon.colcon_core.package_discovery:discover_packages(recursive) check parameters
[0.834s] Level 1:colcon.colcon_core.package_discovery:discover_packages(ignore) check parameters
[0.834s] Level 1:colcon.colcon_core.package_discovery:discover_packages(path) check parameters
[0.834s] Level 1:colcon.colcon_core.package_discovery:discover_packages(colcon_meta) discover
[0.834s] Level 1:colcon.colcon_core.package_discovery:discover_packages(recursive) discover
[0.834s] INFO:colcon.colcon_core.package_discovery:Crawling recursively for packages in '/home/mghansen/dev/ros2_ws/RoboticsLaserFollow'
[0.835s] Level 1:colcon.colcon_core.package_identification:_identify(.) by extensions ['ignore', 'ignore_ament_install']
[0.835s] Level 1:colcon.colcon_core.package_identification:_identify(.) by extension 'ignore'
[0.835s] Level 1:colcon.colcon_core.package_identification:_identify(.) by extension 'ignore_ament_install'
[0.835s] Level 1:colcon.colcon_core.package_identification:_identify(.) by extensions ['colcon_pkg']
[0.835s] Level 1:colcon.colcon_core.package_identification:_identify(.) by extension 'colcon_pkg'
[0.835s] Level 1:colcon.colcon_core.package_identification:_identify(.) by extensions ['colcon_meta']
[0.835s] Level 1:colcon.colcon_core.package_identification:_identify(.) by extension 'colcon_meta'
[0.835s] Level 1:colcon.colcon_core.package_identification:_identify(.) by extensions ['ros']
[0.835s] Level 1:colcon.colcon_core.package_identification:_identify(.) by extension 'ros'
[0.859s] Level 1:colcon.colcon_core.package_identification:_identify(.) by extensions ['cmake', 'python']
[0.859s] Level 1:colcon.colcon_core.package_identification:_identify(.) by extension 'cmake'
[0.859s] Level 1:colcon.colcon_core.package_identification:_identify(.) by extension 'python'
[0.859s] Level 1:colcon.colcon_core.package_identification:_identify(.) by extensions ['python_setup_py']
[0.859s] Level 1:colcon.colcon_core.package_identification:_identify(.) by extension 'python_setup_py'
[0.859s] Level 1:colcon.colcon_core.package_identification:_identify(Zelda_py_laserfollow) by extensions ['ignore', 'ignore_ament_install']
[0.859s] Level 1:colcon.colcon_core.package_identification:_identify(Zelda_py_laserfollow) by extension 'ignore'
[0.860s] Level 1:colcon.colcon_core.package_identification:_identify(Zelda_py_laserfollow) by extension 'ignore_ament_install'
[0.860s] Level 1:colcon.colcon_core.package_identification:_identify(Zelda_py_laserfollow) by extensions ['colcon_pkg']
[0.860s] Level 1:colcon.colcon_core.package_identification:_identify(Zelda_py_laserfollow) by extension 'colcon_pkg'
[0.860s] Level 1:colcon.colcon_core.package_identification:_identify(Zelda_py_laserfollow) by extensions ['colcon_meta']
[0.860s] Level 1:colcon.colcon_core.package_identification:_identify(Zelda_py_laserfollow) by extension 'colcon_meta'
[0.860s] Level 1:colcon.colcon_core.package_identification:_identify(Zelda_py_laserfollow) by extensions ['ros']
[0.860s] Level 1:colcon.colcon_core.package_identification:_identify(Zelda_py_laserfollow) by extension 'ros'
[0.865s] DEBUG:colcon.colcon_core.package_identification:Package 'Zelda_py_laserfollow' with type 'ros.ament_cmake' and name 'Zelda_py_laserfollow'
[0.865s] Level 1:colcon.colcon_core.package_identification:_identify(build) by extensions ['ignore', 'ignore_ament_install']
[0.866s] Level 1:colcon.colcon_core.package_identification:_identify(build) by extension 'ignore'
[0.866s] Level 1:colcon.colcon_core.package_identification:_identify(build) ignored
[0.866s] Level 1:colcon.colcon_core.package_identification:_identify(install) by extensions ['ignore', 'ignore_ament_install']
[0.866s] Level 1:colcon.colcon_core.package_identification:_identify(install) by extension 'ignore'
[0.866s] Level 1:colcon.colcon_core.package_identification:_identify(install) ignored
[0.866s] Level 1:colcon.colcon_core.package_identification:_identify(log) by extensions ['ignore', 'ignore_ament_install']
[0.867s] Level 1:colcon.colcon_core.package_identification:_identify(log) by extension 'ignore'
[0.867s] Level 1:colcon.colcon_core.package_identification:_identify(log) ignored
[0.867s] Level 1:colcon.colcon_core.package_identification:_identify(ws) by extensions ['ignore', 'ignore_ament_install']
[0.867s] Level 1:colcon.colcon_core.package_identification:_identify(ws) by extension 'ignore'
[0.867s] Level 1:colcon.colcon_core.package_identification:_identify(ws) by extension 'ignore_ament_install'
[0.867s] Level 1:colcon.colcon_core.package_identification:_identify(ws) by extensions ['colcon_pkg']
[0.867s] Level 1:colcon.colcon_core.package_identification:_identify(ws) by extension 'colcon_pkg'
[0.867s] Level 1:colcon.colcon_core.package_identification:_identify(ws) by extensions ['colcon_meta']
[0.867s] Level 1:colcon.colcon_core.package_identification:_identify(ws) by extension 'colcon_meta'
[0.867s] Level 1:colcon.colcon_core.package_identification:_identify(ws) by extensions ['ros']
[0.867s] Level 1:colcon.colcon_core.package_identification:_identify(ws) by extension 'ros'
[0.868s] Level 1:colcon.colcon_core.package_identification:_identify(ws) by extensions ['cmake', 'python']
[0.868s] Level 1:colcon.colcon_core.package_identification:_identify(ws) by extension 'cmake'
[0.868s] Level 1:colcon.colcon_core.package_identification:_identify(ws) by extension 'python'
[0.868s] Level 1:colcon.colcon_core.package_identification:_identify(ws) by extensions ['python_setup_py']
[0.868s] Level 1:colcon.colcon_core.package_identification:_identify(ws) by extension 'python_setup_py'
[0.868s] Level 1:colcon.colcon_core.package_identification:_identify(ws/src) by extensions ['ignore', 'ignore_ament_install']
[0.868s] Level 1:colcon.colcon_core.package_identification:_identify(ws/src) by extension 'ignore'
[0.868s] Level 1:colcon.colcon_core.package_identification:_identify(ws/src) by extension 'ignore_ament_install'
[0.868s] Level 1:colcon.colcon_core.package_identification:_identify(ws/src) by extensions ['colcon_pkg']
[0.869s] Level 1:colcon.colcon_core.package_identification:_identify(ws/src) by extension 'colcon_pkg'
[0.869s] Level 1:colcon.colcon_core.package_identification:_identify(ws/src) by extensions ['colcon_meta']
[0.869s] Level 1:colcon.colcon_core.package_identification:_identify(ws/src) by extension 'colcon_meta'
[0.869s] Level 1:colcon.colcon_core.package_identification:_identify(ws/src) by extensions ['ros']
[0.869s] Level 1:colcon.colcon_core.package_identification:_identify(ws/src) by extension 'ros'
[0.869s] Level 1:colcon.colcon_core.package_identification:_identify(ws/src) by extensions ['cmake', 'python']
[0.869s] Level 1:colcon.colcon_core.package_identification:_identify(ws/src) by extension 'cmake'
[0.869s] Level 1:colcon.colcon_core.package_identification:_identify(ws/src) by extension 'python'
[0.869s] Level 1:colcon.colcon_core.package_identification:_identify(ws/src) by extensions ['python_setup_py']
[0.869s] Level 1:colcon.colcon_core.package_identification:_identify(ws/src) by extension 'python_setup_py'
[0.869s] Level 1:colcon.colcon_core.package_identification:_identify(ws/src/Zelda_laserfollow) by extensions ['ignore', 'ignore_ament_install']
[0.870s] Level 1:colcon.colcon_core.package_identification:_identify(ws/src/Zelda_laserfollow) by extension 'ignore'
[0.870s] Level 1:colcon.colcon_core.package_identification:_identify(ws/src/Zelda_laserfollow) by extension 'ignore_ament_install'
[0.870s] Level 1:colcon.colcon_core.package_identification:_identify(ws/src/Zelda_laserfollow) by extensions ['colcon_pkg']
[0.870s] Level 1:colcon.colcon_core.package_identification:_identify(ws/src/Zelda_laserfollow) by extension 'colcon_pkg'
[0.870s] Level 1:colcon.colcon_core.package_identification:_identify(ws/src/Zelda_laserfollow) by extensions ['colcon_meta']
[0.870s] Level 1:colcon.colcon_core.package_identification:_identify(ws/src/Zelda_laserfollow) by extension 'colcon_meta'
[0.870s] Level 1:colcon.colcon_core.package_identification:_identify(ws/src/Zelda_laserfollow) by extensions ['ros']
[0.870s] Level 1:colcon.colcon_core.package_identification:_identify(ws/src/Zelda_laserfollow) by extension 'ros'
[0.872s] DEBUG:colcon.colcon_core.package_identification:Package 'ws/src/Zelda_laserfollow' with type 'ros.ament_python' and name 'wanderer'
[0.872s] Level 1:colcon.colcon_core.package_discovery:discover_packages(recursive) using defaults
[0.872s] Level 1:colcon.colcon_core.package_discovery:discover_packages(ignore) discover
[0.872s] Level 1:colcon.colcon_core.package_discovery:discover_packages(ignore) using defaults
[0.872s] Level 1:colcon.colcon_core.package_discovery:discover_packages(path) discover
[0.872s] Level 1:colcon.colcon_core.package_discovery:discover_packages(path) using defaults
[0.930s] Level 1:colcon.colcon_core.package_discovery:discover_packages(prefix_path) check parameters
[0.931s] Level 1:colcon.colcon_core.package_discovery:discover_packages(prefix_path) discover
[0.937s] DEBUG:colcon.colcon_installed_package_information.package_discovery:Found 5 installed packages in /home/mghansen/dev/create3_examples_ws/install
[0.941s] DEBUG:colcon.colcon_installed_package_information.package_discovery:Found 282 installed packages in /opt/ros/humble
[0.945s] Level 1:colcon.colcon_core.package_discovery:discover_packages(prefix_path) using defaults
[1.086s] Level 5:colcon.colcon_core.verb:set package 'Zelda_py_laserfollow' build argument 'cmake_args' from command line to 'None'
[1.086s] Level 5:colcon.colcon_core.verb:set package 'Zelda_py_laserfollow' build argument 'cmake_target' from command line to 'None'
[1.086s] Level 5:colcon.colcon_core.verb:set package 'Zelda_py_laserfollow' build argument 'cmake_target_skip_unavailable' from command line to 'False'
[1.086s] Level 5:colcon.colcon_core.verb:set package 'Zelda_py_laserfollow' build argument 'cmake_clean_cache' from command line to 'False'
[1.087s] Level 5:colcon.colcon_core.verb:set package 'Zelda_py_laserfollow' build argument 'cmake_clean_first' from command line to 'False'
[1.087s] Level 5:colcon.colcon_core.verb:set package 'Zelda_py_laserfollow' build argument 'cmake_force_configure' from command line to 'False'
[1.087s] Level 5:colcon.colcon_core.verb:set package 'Zelda_py_laserfollow' build argument 'ament_cmake_args' from command line to 'None'
[1.087s] Level 5:colcon.colcon_core.verb:set package 'Zelda_py_laserfollow' build argument 'catkin_cmake_args' from command line to 'None'
[1.087s] Level 5:colcon.colcon_core.verb:set package 'Zelda_py_laserfollow' build argument 'catkin_skip_building_tests' from command line to 'False'
[1.087s] DEBUG:colcon.colcon_core.verb:Building package 'Zelda_py_laserfollow' with the following arguments: {'ament_cmake_args': None, 'build_base': '/home/mghansen/dev/ros2_ws/RoboticsLaserFollow/build/Zelda_py_laserfollow', 'catkin_cmake_args': None, 'catkin_skip_building_tests': False, 'cmake_args': None, 'cmake_clean_cache': False, 'cmake_clean_first': False, 'cmake_force_configure': False, 'cmake_target': None, 'cmake_target_skip_unavailable': False, 'install_base': '/home/mghansen/dev/ros2_ws/RoboticsLaserFollow/install/Zelda_py_laserfollow', 'merge_install': False, 'path': '/home/mghansen/dev/ros2_ws/RoboticsLaserFollow/Zelda_py_laserfollow', 'symlink_install': False, 'test_result_base': None}
[1.089s] Level 5:colcon.colcon_core.verb:set package 'wanderer' build argument 'cmake_args' from command line to 'None'
[1.089s] Level 5:colcon.colcon_core.verb:set package 'wanderer' build argument 'cmake_target' from command line to 'None'
[1.089s] Level 5:colcon.colcon_core.verb:set package 'wanderer' build argument 'cmake_target_skip_unavailable' from command line to 'False'
[1.089s] Level 5:colcon.colcon_core.verb:set package 'wanderer' build argument 'cmake_clean_cache' from command line to 'False'
[1.089s] Level 5:colcon.colcon_core.verb:set package 'wanderer' build argument 'cmake_clean_first' from command line to 'False'
[1.089s] Level 5:colcon.colcon_core.verb:set package 'wanderer' build argument 'cmake_force_configure' from command line to 'False'
[1.089s] Level 5:colcon.colcon_core.verb:set package 'wanderer' build argument 'ament_cmake_args' from command line to 'None'
[1.090s] Level 5:colcon.colcon_core.verb:set package 'wanderer' build argument 'catkin_cmake_args' from command line to 'None'
[1.090s] Level 5:colcon.colcon_core.verb:set package 'wanderer' build argument 'catkin_skip_building_tests' from command line to 'False'
[1.090s] DEBUG:colcon.colcon_core.verb:Building package 'wanderer' with the following arguments: {'ament_cmake_args': None, 'build_base': '/home/mghansen/dev/ros2_ws/RoboticsLaserFollow/build/wanderer', 'catkin_cmake_args': None, 'catkin_skip_building_tests': False, 'cmake_args': None, 'cmake_clean_cache': False, 'cmake_clean_first': False, 'cmake_force_configure': False, 'cmake_target': None, 'cmake_target_skip_unavailable': False, 'install_base': '/home/mghansen/dev/ros2_ws/RoboticsLaserFollow/install/wanderer', 'merge_install': False, 'path': '/home/mghansen/dev/ros2_ws/RoboticsLaserFollow/ws/src/Zelda_laserfollow', 'symlink_install': False, 'test_result_base': None}
[1.091s] INFO:colcon.colcon_core.executor:Executing jobs using 'parallel' executor
[1.100s] DEBUG:colcon.colcon_parallel_executor.executor.parallel:run_until_complete
[1.101s] INFO:colcon.colcon_ros.task.ament_cmake.build:Building ROS package in '/home/mghansen/dev/ros2_ws/RoboticsLaserFollow/Zelda_py_laserfollow' with build type 'ament_cmake'
[1.101s] INFO:colcon.colcon_cmake.task.cmake.build:Building CMake package in '/home/mghansen/dev/ros2_ws/RoboticsLaserFollow/Zelda_py_laserfollow'
[1.118s] INFO:colcon.colcon_core.plugin_system:Skipping extension 'colcon_core.shell.bat': Not used on non-Windows systems
[1.119s] INFO:colcon.colcon_core.shell:Skip shell extension 'powershell' for command environment: Not usable outside of PowerShell
[1.119s] DEBUG:colcon.colcon_core.shell:Skip shell extension 'dsv' for command environment
[1.142s] INFO:colcon.colcon_ros.task.ament_python.build:Building ROS package in '/home/mghansen/dev/ros2_ws/RoboticsLaserFollow/ws/src/Zelda_laserfollow' with build type 'ament_python'
[1.142s] Level 1:colcon.colcon_core.shell:create_environment_hook('wanderer', 'ament_prefix_path')
[1.150s] INFO:colcon.colcon_core.shell:Creating environment hook '/home/mghansen/dev/ros2_ws/RoboticsLaserFollow/install/wanderer/share/wanderer/hook/ament_prefix_path.ps1'
[1.152s] INFO:colcon.colcon_core.shell:Creating environment descriptor '/home/mghansen/dev/ros2_ws/RoboticsLaserFollow/install/wanderer/share/wanderer/hook/ament_prefix_path.dsv'
[1.154s] INFO:colcon.colcon_core.shell:Creating environment hook '/home/mghansen/dev/ros2_ws/RoboticsLaserFollow/install/wanderer/share/wanderer/hook/ament_prefix_path.sh'
[1.162s] INFO:colcon.colcon_core.shell:Skip shell extension 'powershell' for command environment: Not usable outside of PowerShell
[1.163s] DEBUG:colcon.colcon_core.shell:Skip shell extension 'dsv' for command environment
[1.201s] DEBUG:colcon.colcon_core.event_handler.log_command:Invoking command in '/home/mghansen/dev/ros2_ws/RoboticsLaserFollow/build/Zelda_py_laserfollow': CMAKE_PREFIX_PATH=${CMAKE_PREFIX_PATH}:/home/mghansen/dev/create3_examples_ws/install/create3_teleop:/home/mghansen/dev/create3_examples_ws/install/create3_examples_py:/opt/ros/humble /usr/bin/cmake /home/mghansen/dev/ros2_ws/RoboticsLaserFollow/Zelda_py_laserfollow -DCMAKE_INSTALL_PREFIX=/home/mghansen/dev/ros2_ws/RoboticsLaserFollow/install/Zelda_py_laserfollow
[1.952s] INFO:colcon.colcon_core.task.python.build:Building Python package in '/home/mghansen/dev/ros2_ws/RoboticsLaserFollow/ws/src/Zelda_laserfollow'
[1.956s] INFO:colcon.colcon_core.shell:Skip shell extension 'powershell' for command environment: Not usable outside of PowerShell
[1.956s] DEBUG:colcon.colcon_core.shell:Skip shell extension 'dsv' for command environment
[2.724s] DEBUG:colcon.colcon_core.event_handler.log_command:Invoking command in '/home/mghansen/dev/ros2_ws/RoboticsLaserFollow/ws/src/Zelda_laserfollow': PYTHONPATH=/home/mghansen/dev/ros2_ws/RoboticsLaserFollow/build/wanderer/prefix_override:/home/mghansen/dev/ros2_ws/RoboticsLaserFollow/install/wanderer/lib/python3.10/site-packages:${PYTHONPATH} /usr/bin/python3 setup.py egg_info --egg-base ../../../build/wanderer build --build-base /home/mghansen/dev/ros2_ws/RoboticsLaserFollow/build/wanderer/build install --record /home/mghansen/dev/ros2_ws/RoboticsLaserFollow/build/wanderer/install.log --single-version-externally-managed
[3.062s] DEBUG:colcon.colcon_core.event_handler.log_command:Invoked command in '/home/mghansen/dev/ros2_ws/RoboticsLaserFollow/build/Zelda_py_laserfollow' returned '0': CMAKE_PREFIX_PATH=${CMAKE_PREFIX_PATH}:/home/mghansen/dev/create3_examples_ws/install/create3_teleop:/home/mghansen/dev/create3_examples_ws/install/create3_examples_py:/opt/ros/humble /usr/bin/cmake /home/mghansen/dev/ros2_ws/RoboticsLaserFollow/Zelda_py_laserfollow -DCMAKE_INSTALL_PREFIX=/home/mghansen/dev/ros2_ws/RoboticsLaserFollow/install/Zelda_py_laserfollow
[3.068s] DEBUG:colcon.colcon_core.event_handler.log_command:Invoking command in '/home/mghansen/dev/ros2_ws/RoboticsLaserFollow/build/Zelda_py_laserfollow': CMAKE_PREFIX_PATH=${CMAKE_PREFIX_PATH}:/home/mghansen/dev/create3_examples_ws/install/create3_teleop:/home/mghansen/dev/create3_examples_ws/install/create3_examples_py:/opt/ros/humble /usr/bin/cmake --build /home/mghansen/dev/ros2_ws/RoboticsLaserFollow/build/Zelda_py_laserfollow -- -j6 -l6
[3.131s] DEBUG:colcon.colcon_core.event_handler.log_command:Invoked command in '/home/mghansen/dev/ros2_ws/RoboticsLaserFollow/build/Zelda_py_laserfollow' returned '0': CMAKE_PREFIX_PATH=${CMAKE_PREFIX_PATH}:/home/mghansen/dev/create3_examples_ws/install/create3_teleop:/home/mghansen/dev/create3_examples_ws/install/create3_examples_py:/opt/ros/humble /usr/bin/cmake --build /home/mghansen/dev/ros2_ws/RoboticsLaserFollow/build/Zelda_py_laserfollow -- -j6 -l6
[3.176s] DEBUG:colcon.colcon_core.event_handler.log_command:Invoking command in '/home/mghansen/dev/ros2_ws/RoboticsLaserFollow/build/Zelda_py_laserfollow': CMAKE_PREFIX_PATH=${CMAKE_PREFIX_PATH}:/home/mghansen/dev/create3_examples_ws/install/create3_teleop:/home/mghansen/dev/create3_examples_ws/install/create3_examples_py:/opt/ros/humble /usr/bin/cmake --install /home/mghansen/dev/ros2_ws/RoboticsLaserFollow/build/Zelda_py_laserfollow
[3.197s] Level 1:colcon.colcon_core.environment:create_environment_scripts_only(Zelda_py_laserfollow)
[3.199s] DEBUG:colcon.colcon_core.event_handler.log_command:Invoked command in '/home/mghansen/dev/ros2_ws/RoboticsLaserFollow/build/Zelda_py_laserfollow' returned '0': CMAKE_PREFIX_PATH=${CMAKE_PREFIX_PATH}:/home/mghansen/dev/create3_examples_ws/install/create3_teleop:/home/mghansen/dev/create3_examples_ws/install/create3_examples_py:/opt/ros/humble /usr/bin/cmake --install /home/mghansen/dev/ros2_ws/RoboticsLaserFollow/build/Zelda_py_laserfollow
[3.218s] Level 1:colcon.colcon_core.environment:checking '/home/mghansen/dev/ros2_ws/RoboticsLaserFollow/install/Zelda_py_laserfollow' for CMake module files
[3.220s] Level 1:colcon.colcon_core.environment:checking '/home/mghansen/dev/ros2_ws/RoboticsLaserFollow/install/Zelda_py_laserfollow' for CMake config files
[3.220s] Level 1:colcon.colcon_core.shell:create_environment_hook('Zelda_py_laserfollow', 'cmake_prefix_path')
[3.223s] INFO:colcon.colcon_core.shell:Creating environment hook '/home/mghansen/dev/ros2_ws/RoboticsLaserFollow/install/Zelda_py_laserfollow/share/Zelda_py_laserfollow/hook/cmake_prefix_path.ps1'
[3.224s] INFO:colcon.colcon_core.shell:Creating environment descriptor '/home/mghansen/dev/ros2_ws/RoboticsLaserFollow/install/Zelda_py_laserfollow/share/Zelda_py_laserfollow/hook/cmake_prefix_path.dsv'
[3.224s] INFO:colcon.colcon_core.shell:Creating environment hook '/home/mghansen/dev/ros2_ws/RoboticsLaserFollow/install/Zelda_py_laserfollow/share/Zelda_py_laserfollow/hook/cmake_prefix_path.sh'
[3.225s] Level 1:colcon.colcon_core.environment:checking '/home/mghansen/dev/ros2_ws/RoboticsLaserFollow/install/Zelda_py_laserfollow/bin'
[3.226s] Level 1:colcon.colcon_core.environment:checking '/home/mghansen/dev/ros2_ws/RoboticsLaserFollow/install/Zelda_py_laserfollow/lib/pkgconfig/Zelda_py_laserfollow.pc'
[3.226s] Level 1:colcon.colcon_core.environment:checking '/home/mghansen/dev/ros2_ws/RoboticsLaserFollow/install/Zelda_py_laserfollow/lib/python3.10/site-packages'
[3.226s] Level 1:colcon.colcon_core.environment:checking '/home/mghansen/dev/ros2_ws/RoboticsLaserFollow/install/Zelda_py_laserfollow/bin'
[3.229s] INFO:colcon.colcon_core.shell:Creating package script '/home/mghansen/dev/ros2_ws/RoboticsLaserFollow/install/Zelda_py_laserfollow/share/Zelda_py_laserfollow/package.ps1'
[3.231s] INFO:colcon.colcon_core.shell:Creating package descriptor '/home/mghansen/dev/ros2_ws/RoboticsLaserFollow/install/Zelda_py_laserfollow/share/Zelda_py_laserfollow/package.dsv'
[3.234s] INFO:colcon.colcon_core.shell:Creating package script '/home/mghansen/dev/ros2_ws/RoboticsLaserFollow/install/Zelda_py_laserfollow/share/Zelda_py_laserfollow/package.sh'
[3.236s] INFO:colcon.colcon_core.shell:Creating package script '/home/mghansen/dev/ros2_ws/RoboticsLaserFollow/install/Zelda_py_laserfollow/share/Zelda_py_laserfollow/package.bash'
[3.239s] INFO:colcon.colcon_core.shell:Creating package script '/home/mghansen/dev/ros2_ws/RoboticsLaserFollow/install/Zelda_py_laserfollow/share/Zelda_py_laserfollow/package.zsh'
[3.241s] Level 1:colcon.colcon_core.environment:create_file_with_runtime_dependencies(/home/mghansen/dev/ros2_ws/RoboticsLaserFollow/install/Zelda_py_laserfollow/share/colcon-core/packages/Zelda_py_laserfollow)
[3.277s] Level 1:colcon.colcon_core.environment:create_environment_scripts_only(Zelda_py_laserfollow)
[3.281s] Level 1:colcon.colcon_core.environment:checking '/home/mghansen/dev/ros2_ws/RoboticsLaserFollow/install/Zelda_py_laserfollow' for CMake module files
[3.282s] Level 1:colcon.colcon_core.environment:checking '/home/mghansen/dev/ros2_ws/RoboticsLaserFollow/install/Zelda_py_laserfollow' for CMake config files
[3.283s] Level 1:colcon.colcon_core.shell:create_environment_hook('Zelda_py_laserfollow', 'cmake_prefix_path')
[3.287s] INFO:colcon.colcon_core.shell:Creating environment hook '/home/mghansen/dev/ros2_ws/RoboticsLaserFollow/install/Zelda_py_laserfollow/share/Zelda_py_laserfollow/hook/cmake_prefix_path.ps1'
[3.289s] INFO:colcon.colcon_core.shell:Creating environment descriptor '/home/mghansen/dev/ros2_ws/RoboticsLaserFollow/install/Zelda_py_laserfollow/share/Zelda_py_laserfollow/hook/cmake_prefix_path.dsv'
[3.291s] INFO:colcon.colcon_core.shell:Creating environment hook '/home/mghansen/dev/ros2_ws/RoboticsLaserFollow/install/Zelda_py_laserfollow/share/Zelda_py_laserfollow/hook/cmake_prefix_path.sh'
[3.292s] Level 1:colcon.colcon_core.environment:checking '/home/mghansen/dev/ros2_ws/RoboticsLaserFollow/install/Zelda_py_laserfollow/bin'
[3.293s] Level 1:colcon.colcon_core.environment:checking '/home/mghansen/dev/ros2_ws/RoboticsLaserFollow/install/Zelda_py_laserfollow/lib/pkgconfig/Zelda_py_laserfollow.pc'
[3.293s] Level 1:colcon.colcon_core.environment:checking '/home/mghansen/dev/ros2_ws/RoboticsLaserFollow/install/Zelda_py_laserfollow/lib/python3.10/site-packages'
[3.294s] Level 1:colcon.colcon_core.environment:checking '/home/mghansen/dev/ros2_ws/RoboticsLaserFollow/install/Zelda_py_laserfollow/bin'
[3.299s] INFO:colcon.colcon_core.shell:Creating package script '/home/mghansen/dev/ros2_ws/RoboticsLaserFollow/install/Zelda_py_laserfollow/share/Zelda_py_laserfollow/package.ps1'
[3.301s] INFO:colcon.colcon_core.shell:Creating package descriptor '/home/mghansen/dev/ros2_ws/RoboticsLaserFollow/install/Zelda_py_laserfollow/share/Zelda_py_laserfollow/package.dsv'
[3.303s] INFO:colcon.colcon_core.shell:Creating package script '/home/mghansen/dev/ros2_ws/RoboticsLaserFollow/install/Zelda_py_laserfollow/share/Zelda_py_laserfollow/package.sh'
[3.305s] INFO:colcon.colcon_core.shell:Creating package script '/home/mghansen/dev/ros2_ws/RoboticsLaserFollow/install/Zelda_py_laserfollow/share/Zelda_py_laserfollow/package.bash'
[3.306s] INFO:colcon.colcon_core.shell:Creating package script '/home/mghansen/dev/ros2_ws/RoboticsLaserFollow/install/Zelda_py_laserfollow/share/Zelda_py_laserfollow/package.zsh'
[3.307s] Level 1:colcon.colcon_core.environment:create_file_with_runtime_dependencies(/home/mghansen/dev/ros2_ws/RoboticsLaserFollow/install/Zelda_py_laserfollow/share/colcon-core/packages/Zelda_py_laserfollow)
[3.313s] DEBUG:colcon.colcon_core.event_handler.log_command:Invoked command in '/home/mghansen/dev/ros2_ws/RoboticsLaserFollow/ws/src/Zelda_laserfollow' returned '1': PYTHONPATH=/home/mghansen/dev/ros2_ws/RoboticsLaserFollow/build/wanderer/prefix_override:/home/mghansen/dev/ros2_ws/RoboticsLaserFollow/install/wanderer/lib/python3.10/site-packages:${PYTHONPATH} /usr/bin/python3 setup.py egg_info --egg-base ../../../build/wanderer build --build-base /home/mghansen/dev/ros2_ws/RoboticsLaserFollow/build/wanderer/build install --record /home/mghansen/dev/ros2_ws/RoboticsLaserFollow/build/wanderer/install.log --single-version-externally-managed
[3.323s] DEBUG:colcon.colcon_parallel_executor.executor.parallel:closing loop
[3.323s] DEBUG:colcon.colcon_parallel_executor.executor.parallel:loop closed
[3.323s] DEBUG:colcon.colcon_parallel_executor.executor.parallel:run_until_complete finished with '1'
[3.323s] DEBUG:colcon.colcon_core.event_reactor:joining thread
[3.334s] INFO:colcon.colcon_core.plugin_system:Skipping extension 'colcon_notification.desktop_notification.terminal_notifier': Not used on non-Darwin systems
[3.334s] INFO:colcon.colcon_core.plugin_system:Skipping extension 'colcon_notification.desktop_notification.win32': Not used on non-Windows systems
[3.334s] INFO:colcon.colcon_notification.desktop_notification:Sending desktop notification using 'notify2'
[3.358s] DEBUG:colcon.colcon_core.event_reactor:joined thread
[3.361s] INFO:colcon.colcon_core.shell:Creating prefix script '/home/mghansen/dev/ros2_ws/RoboticsLaserFollow/install/local_setup.ps1'
[3.364s] INFO:colcon.colcon_core.shell:Creating prefix util module '/home/mghansen/dev/ros2_ws/RoboticsLaserFollow/install/_local_setup_util_ps1.py'
[3.368s] INFO:colcon.colcon_core.shell:Creating prefix chain script '/home/mghansen/dev/ros2_ws/RoboticsLaserFollow/install/setup.ps1'
[3.373s] INFO:colcon.colcon_core.shell:Creating prefix script '/home/mghansen/dev/ros2_ws/RoboticsLaserFollow/install/local_setup.sh'
[3.376s] INFO:colcon.colcon_core.shell:Creating prefix util module '/home/mghansen/dev/ros2_ws/RoboticsLaserFollow/install/_local_setup_util_sh.py'
[3.377s] INFO:colcon.colcon_core.shell:Creating prefix chain script '/home/mghansen/dev/ros2_ws/RoboticsLaserFollow/install/setup.sh'
[3.382s] INFO:colcon.colcon_core.shell:Creating prefix script '/home/mghansen/dev/ros2_ws/RoboticsLaserFollow/install/local_setup.bash'
[3.383s] INFO:colcon.colcon_core.shell:Creating prefix chain script '/home/mghansen/dev/ros2_ws/RoboticsLaserFollow/install/setup.bash'
[3.387s] INFO:colcon.colcon_core.shell:Creating prefix script '/home/mghansen/dev/ros2_ws/RoboticsLaserFollow/install/local_setup.zsh'
[3.389s] INFO:colcon.colcon_core.shell:Creating prefix chain script '/home/mghansen/dev/ros2_ws/RoboticsLaserFollow/install/setup.zsh'
